Not searching for unused variables given on the command line.
[36m--[0m Using CATKIN_DEVEL_PREFIX: /home/er/Desktop/GamesCraftersRobotics/catkin_ws/devel/.private/mycobot_280_moveit
[36m--[0m Using CMAKE_PREFIX_PATH: /home/er/Desktop/GamesCraftersRobotics/catkin_ws/devel;/opt/ros/noetic
[36m--[0m This workspace overlays: /home/er/Desktop/GamesCraftersRobotics/catkin_ws/devel;/opt/ros/noetic
[36m--[0m Found PythonInterp: /usr/bin/python3 (found suitable version "3.8.10", minimum required is "3")
[36m--[0m Using PYTHON_EXECUTABLE: /usr/bin/python3
[36m--[0m Using Debian Python package layout
[36m--[0m Using empy: /usr/lib/python3/dist-packages/em.py
[36m--[0m Using CATKIN_ENABLE_TESTING: ON
[36m--[0m Call enable_testing()
[36m--[0m Using CATKIN_TEST_RESULTS_DIR: /home/er/Desktop/GamesCraftersRobotics/catkin_ws/build/mycobot_280_moveit/test_results
[36m--[0m Forcing gtest/gmock from source, though one was otherwise available.
[36m--[0m Found gtest sources under '/usr/src/googletest': gtests will be built
[36m--[0m Found gmock sources under '/usr/src/googletest': gmock will be built
[36m--[0m Found PythonInterp: /usr/bin/python3 (found version "3.8.10")
[36m--[0m Using Python nosetests: /usr/bin/nosetests3
[36m--[0m catkin 0.8.10
[36m--[0m BUILD_SHARED_LIBS is on
[36m--[0m Using these message generators: gencpp;geneus;genlisp;gennodejs;genpy
[31m[1mCMake Error[0m at /home/er/Desktop/GamesCraftersRobotics/catkin_ws/src/mycobot_280/mycobot_280_moveit/CMakeLists.txt:60 (target_link_libraries):
  Cannot specify link libraries for target
  "/opt/ros/noetic/lib/libjoint_trajectory_controller.so" which is not built
  by this project.


[36m--[0m Configuring incomplete, errors occurred!
See also "/home/er/Desktop/GamesCraftersRobotics/catkin_ws/build/mycobot_280_moveit/CMakeFiles/CMakeOutput.log".
See also "/home/er/Desktop/GamesCraftersRobotics/catkin_ws/build/mycobot_280_moveit/CMakeFiles/CMakeError.log".
