Linked: (/home/er/Desktop/GamesCraftersRobotics/catkin_ws/devel/.private/lab4_cam/include/lab4_cam/ImageSrvRequest.h, /home/er/Desktop/GamesCraftersRobotics/catkin_ws/devel/include/lab4_cam/ImageSrvRequest.h)
Linked: (/home/er/Desktop/GamesCraftersRobotics/catkin_ws/devel/.private/lab4_cam/include/lab4_cam/ImageSrvResponse.h, /home/er/Desktop/GamesCraftersRobotics/catkin_ws/devel/include/lab4_cam/ImageSrvResponse.h)
Linked: (/home/er/Desktop/GamesCraftersRobotics/catkin_ws/devel/.private/lab4_cam/include/lab4_cam/ImageSrv.h, /home/er/Desktop/GamesCraftersRobotics/catkin_ws/devel/include/lab4_cam/ImageSrv.h)
Linked: (/home/er/Desktop/GamesCraftersRobotics/catkin_ws/devel/.private/lab4_cam/lib/pkgconfig/lab4_cam.pc, /home/er/Desktop/GamesCraftersRobotics/catkin_ws/devel/lib/pkgconfig/lab4_cam.pc)
Linked: (/home/er/Desktop/GamesCraftersRobotics/catkin_ws/devel/.private/lab4_cam/lib/python3/dist-packages/lab4_cam/__init__.py, /home/er/Desktop/GamesCraftersRobotics/catkin_ws/devel/lib/python3/dist-packages/lab4_cam/__init__.py)
Linked: (/home/er/Desktop/GamesCraftersRobotics/catkin_ws/devel/.private/lab4_cam/lib/python3/dist-packages/lab4_cam/srv/__init__.py, /home/er/Desktop/GamesCraftersRobotics/catkin_ws/devel/lib/python3/dist-packages/lab4_cam/srv/__init__.py)
Linked: (/home/er/Desktop/GamesCraftersRobotics/catkin_ws/devel/.private/lab4_cam/lib/python3/dist-packages/lab4_cam/srv/_ImageSrv.py, /home/er/Desktop/GamesCraftersRobotics/catkin_ws/devel/lib/python3/dist-packages/lab4_cam/srv/_ImageSrv.py)
Linked: (/home/er/Desktop/GamesCraftersRobotics/catkin_ws/devel/.private/lab4_cam/share/roseus/ros/lab4_cam/manifest.l, /home/er/Desktop/GamesCraftersRobotics/catkin_ws/devel/share/roseus/ros/lab4_cam/manifest.l)
Linked: (/home/er/Desktop/GamesCraftersRobotics/catkin_ws/devel/.private/lab4_cam/share/roseus/ros/lab4_cam/srv/ImageSrv.l, /home/er/Desktop/GamesCraftersRobotics/catkin_ws/devel/share/roseus/ros/lab4_cam/srv/ImageSrv.l)
Linked: (/home/er/Desktop/GamesCraftersRobotics/catkin_ws/devel/.private/lab4_cam/share/common-lisp/ros/lab4_cam/srv/lab4_cam-srv.asd, /home/er/Desktop/GamesCraftersRobotics/catkin_ws/devel/share/common-lisp/ros/lab4_cam/srv/lab4_cam-srv.asd)
Linked: (/home/er/Desktop/GamesCraftersRobotics/catkin_ws/devel/.private/lab4_cam/share/common-lisp/ros/lab4_cam/srv/_package.lisp, /home/er/Desktop/GamesCraftersRobotics/catkin_ws/devel/share/common-lisp/ros/lab4_cam/srv/_package.lisp)
Linked: (/home/er/Desktop/GamesCraftersRobotics/catkin_ws/devel/.private/lab4_cam/share/common-lisp/ros/lab4_cam/srv/ImageSrv.lisp, /home/er/Desktop/GamesCraftersRobotics/catkin_ws/devel/share/common-lisp/ros/lab4_cam/srv/ImageSrv.lisp)
Linked: (/home/er/Desktop/GamesCraftersRobotics/catkin_ws/devel/.private/lab4_cam/share/common-lisp/ros/lab4_cam/srv/_package_ImageSrv.lisp, /home/er/Desktop/GamesCraftersRobotics/catkin_ws/devel/share/common-lisp/ros/lab4_cam/srv/_package_ImageSrv.lisp)
Linked: (/home/er/Desktop/GamesCraftersRobotics/catkin_ws/devel/.private/lab4_cam/share/gennodejs/ros/lab4_cam/_index.js, /home/er/Desktop/GamesCraftersRobotics/catkin_ws/devel/share/gennodejs/ros/lab4_cam/_index.js)
Linked: (/home/er/Desktop/GamesCraftersRobotics/catkin_ws/devel/.private/lab4_cam/share/gennodejs/ros/lab4_cam/srv/_index.js, /home/er/Desktop/GamesCraftersRobotics/catkin_ws/devel/share/gennodejs/ros/lab4_cam/srv/_index.js)
Linked: (/home/er/Desktop/GamesCraftersRobotics/catkin_ws/devel/.private/lab4_cam/share/gennodejs/ros/lab4_cam/srv/ImageSrv.js, /home/er/Desktop/GamesCraftersRobotics/catkin_ws/devel/share/gennodejs/ros/lab4_cam/srv/ImageSrv.js)
Linked: (/home/er/Desktop/GamesCraftersRobotics/catkin_ws/devel/.private/lab4_cam/share/lab4_cam/cmake/lab4_camConfig-version.cmake, /home/er/Desktop/GamesCraftersRobotics/catkin_ws/devel/share/lab4_cam/cmake/lab4_camConfig-version.cmake)
Linked: (/home/er/Desktop/GamesCraftersRobotics/catkin_ws/devel/.private/lab4_cam/share/lab4_cam/cmake/lab4_cam-msg-paths.cmake, /home/er/Desktop/GamesCraftersRobotics/catkin_ws/devel/share/lab4_cam/cmake/lab4_cam-msg-paths.cmake)
Linked: (/home/er/Desktop/GamesCraftersRobotics/catkin_ws/devel/.private/lab4_cam/share/lab4_cam/cmake/lab4_cam-msg-extras.cmake, /home/er/Desktop/GamesCraftersRobotics/catkin_ws/devel/share/lab4_cam/cmake/lab4_cam-msg-extras.cmake)
Linked: (/home/er/Desktop/GamesCraftersRobotics/catkin_ws/devel/.private/lab4_cam/share/lab4_cam/cmake/lab4_camConfig.cmake, /home/er/Desktop/GamesCraftersRobotics/catkin_ws/devel/share/lab4_cam/cmake/lab4_camConfig.cmake)
