[35m[1mScanning dependencies of target _lab4_cam_generate_messages_check_deps_ImageSrv[0m
[35m[1mScanning dependencies of target sensor_msgs_generate_messages_nodejs[0m
[  0%] Built target sensor_msgs_generate_messages_nodejs
[35m[1mScanning dependencies of target sensor_msgs_generate_messages_py[0m
[  0%] Built target sensor_msgs_generate_messages_py
[35m[1mScanning dependencies of target sensor_msgs_generate_messages_cpp[0m
[  0%] Built target sensor_msgs_generate_messages_cpp
[  0%] Built target _lab4_cam_generate_messages_check_deps_ImageSrv
[35m[1mScanning dependencies of target sensor_msgs_generate_messages_eus[0m
[  0%] Built target sensor_msgs_generate_messages_eus
[35m[1mScanning dependencies of target sensor_msgs_generate_messages_lisp[0m
[35m[1mScanning dependencies of target lab4_cam_generate_messages_nodejs[0m
[  0%] Built target sensor_msgs_generate_messages_lisp
[ 14%] [34m[1mGenerating Javascript code from lab4_cam/ImageSrv.srv[0m
[35m[1mScanning dependencies of target lab4_cam_generate_messages_py[0m
[ 28%] [34m[1mGenerating Python code from SRV lab4_cam/ImageSrv[0m
[ 28%] Built target lab4_cam_generate_messages_nodejs
[35m[1mScanning dependencies of target lab4_cam_generate_messages_cpp[0m
[ 42%] [34m[1mGenerating C++ code from lab4_cam/ImageSrv.srv[0m
[ 42%] Built target lab4_cam_generate_messages_cpp
[ 57%] [34m[1mGenerating Python srv __init__.py for lab4_cam[0m
[35m[1mScanning dependencies of target lab4_cam_generate_messages_eus[0m
[ 71%] [34m[1mGenerating EusLisp code from lab4_cam/ImageSrv.srv[0m
[ 85%] [34m[1mGenerating EusLisp manifest code for lab4_cam[0m
[ 85%] Built target lab4_cam_generate_messages_py
[35m[1mScanning dependencies of target lab4_cam_generate_messages_lisp[0m
[100%] [34m[1mGenerating Lisp code from lab4_cam/ImageSrv.srv[0m
[100%] Built target lab4_cam_generate_messages_lisp
[100%] Built target lab4_cam_generate_messages_eus
[35m[1mScanning dependencies of target lab4_cam_generate_messages[0m
[100%] Built target lab4_cam_generate_messages
