Symlinking /home/er/Desktop/GamesCraftersRobotics/catkin_ws/devel/include/lab4_cam/ImageSrvRequest.h
Symlinking /home/er/Desktop/GamesCraftersRobotics/catkin_ws/devel/include/lab4_cam/ImageSrvResponse.h
Symlinking /home/er/Desktop/GamesCraftersRobotics/catkin_ws/devel/include/lab4_cam/ImageSrv.h
Symlinking /home/er/Desktop/GamesCraftersRobotics/catkin_ws/devel/lib/pkgconfig/lab4_cam.pc
Symlinking /home/er/Desktop/GamesCraftersRobotics/catkin_ws/devel/lib/python3/dist-packages/lab4_cam/__init__.py
Symlinking /home/er/Desktop/GamesCraftersRobotics/catkin_ws/devel/lib/python3/dist-packages/lab4_cam/srv/__init__.py
Symlinking /home/er/Desktop/GamesCraftersRobotics/catkin_ws/devel/lib/python3/dist-packages/lab4_cam/srv/_ImageSrv.py
Symlinking /home/er/Desktop/GamesCraftersRobotics/catkin_ws/devel/share/roseus/ros/lab4_cam/manifest.l
Symlinking /home/er/Desktop/GamesCraftersRobotics/catkin_ws/devel/share/roseus/ros/lab4_cam/srv/ImageSrv.l
Symlinking /home/er/Desktop/GamesCraftersRobotics/catkin_ws/devel/share/common-lisp/ros/lab4_cam/srv/lab4_cam-srv.asd
Symlinking /home/er/Desktop/GamesCraftersRobotics/catkin_ws/devel/share/common-lisp/ros/lab4_cam/srv/_package.lisp
Symlinking /home/er/Desktop/GamesCraftersRobotics/catkin_ws/devel/share/common-lisp/ros/lab4_cam/srv/ImageSrv.lisp
Symlinking /home/er/Desktop/GamesCraftersRobotics/catkin_ws/devel/share/common-lisp/ros/lab4_cam/srv/_package_ImageSrv.lisp
Symlinking /home/er/Desktop/GamesCraftersRobotics/catkin_ws/devel/share/gennodejs/ros/lab4_cam/_index.js
Symlinking /home/er/Desktop/GamesCraftersRobotics/catkin_ws/devel/share/gennodejs/ros/lab4_cam/srv/_index.js
Symlinking /home/er/Desktop/GamesCraftersRobotics/catkin_ws/devel/share/gennodejs/ros/lab4_cam/srv/ImageSrv.js
Symlinking /home/er/Desktop/GamesCraftersRobotics/catkin_ws/devel/share/lab4_cam/cmake/lab4_camConfig-version.cmake
Symlinking /home/er/Desktop/GamesCraftersRobotics/catkin_ws/devel/share/lab4_cam/cmake/lab4_cam-msg-paths.cmake
Symlinking /home/er/Desktop/GamesCraftersRobotics/catkin_ws/devel/share/lab4_cam/cmake/lab4_cam-msg-extras.cmake
Symlinking /home/er/Desktop/GamesCraftersRobotics/catkin_ws/devel/share/lab4_cam/cmake/lab4_camConfig.cmake
